2023-05-23 15:28:43,387 [1] INFO  Photon.LoadBalancing.MasterServer.MasterApplication - Master server initialization started
2023-05-23 15:28:43,399 [1] INFO  Photon.LoadBalancing.MasterServer.MasterApplication - TokenCreator initialized with an expiration of 01:00:00
2023-05-23 15:28:43,553 [1] DEBUG Photon.Common.Authentication.Diagnostic.CustomAuthResultCounters - Static initialization of Photon.Common.Authentication.Diagnostic.CustomAuthResultCounters counter manager with fake counters
2023-05-23 15:28:43,554 [1] DEBUG Photon.Common.Authentication.Diagnostic.CustomAuthResultCounters - Static initialization of Photon.Common.Authentication.Diagnostic.CustomAuthResultCounters counter manager with fake counters compete
2023-05-23 15:28:43,555 [1] DEBUG Photon.Common.Authentication.Diagnostic.CustomAuthResultCounters - Initializing performance counters
2023-05-23 15:28:43,555 [1] DEBUG Photon.Common.Authentication.Diagnostic.CustomAuthResultCounters - User perf counters permission level detected as:Write
2023-05-23 15:28:43,555 [1] DEBUG Photon.Common.Authentication.Diagnostic.CustomAuthResultCounters - PerformanceCounter category 'Photon: Custom Authentication Results' found.
2023-05-23 15:28:43,556 [1] INFO  Photon.Common.Authentication.Diagnostic.CustomAuthResultCounters - PerformanceCounter Results Data does not exists. Counters and will be recreated
2023-05-23 15:28:43,556 [1] DEBUG Photon.Common.Authentication.Diagnostic.CustomAuthResultCounters - PerformanceCounter category 'Photon: Custom Authentication Results' validation failed, recreating category.
2023-05-23 15:28:44,390 [1] INFO  Photon.Common.LoadBalancer.LoadBalancer`1 - Initialized Load Balancer from configuration file: C:\Users\PC\Downloads\photon-server-sdk_v5-0-12-24499-rc1\deploy\LoadBalancer.config
2023-05-23 15:28:44,392 [1] INFO  Photon.LoadBalancing.MasterServer.GameApplication - Creating application: appId={Default}/{Default}
2023-05-23 15:28:44,400 [1] DEBUG Photon.LoadBalancing.MasterServer.Lobby.AppLobby - Creating lobby: name=, type=Default
2023-05-23 15:28:44,401 [1] DEBUG Photon.LoadBalancing.MasterServer.Lobby.AppLobby - AppLobby - useLegacyLobbies False, limitGameList null, limitGameListUpdate null, limitSqlFilterResults null
2023-05-23 15:28:44,401 [1] DEBUG Photon.LoadBalancing.MasterServer.Lobby.AppLobby - MasterServerSettings - limitGameList 500, limitGameListUpdate 500, limitSqlFilterResults 100
2023-05-23 15:28:44,403 [1] DEBUG Photon.LoadBalancing.MasterServer.Lobby.GameList - Creating new GameList
2023-05-23 15:28:44,403 [1] DEBUG Photon.LoadBalancing.MasterServer.Lobby.LimitedGameList - Creating new LimitedGameList
2023-05-23 15:28:44,408 [1] INFO  Photon.LoadBalancing.MasterServer.GameApplication - Plugin configured: name=TestPlugins
2023-05-23 15:28:44,409 [1] INFO  Photon.LoadBalancing.MasterServer.GameApplication - 	Attribute: AsyncJoin=False
2023-05-23 15:28:44,409 [1] INFO  Photon.LoadBalancing.MasterServer.GameApplication - 	Attribute: BaseUrl=http://localhost:55557/realtime-webhooks-1.2
2023-05-23 15:28:44,409 [1] INFO  Photon.LoadBalancing.MasterServer.GameApplication - 	Attribute: HasErrorInfo=true
2023-05-23 15:28:44,409 [1] INFO  Photon.LoadBalancing.MasterServer.GameApplication - 	Attribute: IsPersistent=true
2023-05-23 15:28:44,410 [1] INFO  Photon.LoadBalancing.MasterServer.GameApplication - 	Attribute: PathClose=GameClose
2023-05-23 15:28:44,410 [1] INFO  Photon.LoadBalancing.MasterServer.GameApplication - 	Attribute: PathCreate=GameCreate
2023-05-23 15:28:44,410 [1] INFO  Photon.LoadBalancing.MasterServer.GameApplication - 	Attribute: PathEvent=GameEvent
2023-05-23 15:28:44,411 [1] INFO  Photon.LoadBalancing.MasterServer.GameApplication - 	Attribute: PathGameProperties=GameProperties
2023-05-23 15:28:44,411 [1] INFO  Photon.LoadBalancing.MasterServer.GameApplication - 	Attribute: PathJoin=GameJoin
2023-05-23 15:28:44,411 [1] INFO  Photon.LoadBalancing.MasterServer.GameApplication - 	Attribute: PathLeave=GameLeave
2023-05-23 15:28:44,411 [1] INFO  Photon.LoadBalancing.MasterServer.GameApplication - 	Attribute: PathLoad=GameCreate
2023-05-23 15:28:44,415 [1] DEBUG Photon.Common.Authentication.CustomAuthHandler - AuthSettings are disabled in config. No CustomAuth
2023-05-23 15:28:44,416 [1] INFO  Photon.LoadBalancing.MasterServer.MasterApplication - Master server initialization finished
2023-05-23 15:28:44,416 [1] INFO  Photon.SocketServer.ApplicationBase - Application start: AppId=Master; AppPath=C:\Users\PC\Downloads\photon-server-sdk_v5-0-12-24499-rc1\deploy\LoadBalancing\Master, Type=Photon.LoadBalancing.MasterServer.MasterApplication 
2023-05-23 15:28:44,417 [1] INFO  Photon.SocketServer.ApplicationBase - Using Server GC:True
2023-05-23 15:28:44,417 [1] INFO  Photon.SocketServer.ApplicationBase - Using GC LatencyMode:Interactive
2023-05-23 15:28:46,008 [15] DEBUG Photon.LoadBalancing.MasterServer.MasterApplication - Received init request from game server
2023-05-23 15:28:46,011 [15] INFO  Photon.LoadBalancing.MasterServer.GameServer.IncomingGameServerPeer - game server connection from 127.0.0.1:8927 established (id=1)
2023-05-23 15:28:46,023 [15] INFO  Photon.LoadBalancing.MasterServer.GameServer.GameServerContextManager - Registering GS by InitRequest. key:'127.0.0.1-5056-4531', id:'a0a4bb03-8b9f-4c8f-8830-5c3a6fdeda30', state:0, loadIndex:3, p:T:IncomingGameServerPeer,ConnId:1,ip:127.0.0.1:8927,Tcp,GpBinaryV18
2023-05-23 15:28:46,026 [15] INFO  Photon.LoadBalancing.MasterServer.GameServer.GameServerContext - Attaching new peer to context. old peer:, new peer:T:IncomingGameServerPeer,ConnId:1,ip:127.0.0.1:8927,Tcp,GpBinaryV18, ctx:[key:127.0.0.1-5056-4531, serverId:a0a4bb03-8b9f-4c8f-8830-5c3a6fdeda30]
2023-05-23 15:28:46,026 [15] DEBUG Photon.LoadBalancing.MasterServer.GameServer.IncomingGameServerPeer - Context attached to peer. context:[key:127.0.0.1-5056-4531, serverId:a0a4bb03-8b9f-4c8f-8830-5c3a6fdeda30], p:GameServer(Id=a0a4bb03-8b9f-4c8f-8830-5c3a6fdeda30, ConnId=1) at 127.0.0.1:4531/127.0.0.1:5056
2023-05-23 15:28:46,027 [15] DEBUG Photon.LoadBalancing.MasterServer.GameServer.GameServerContext - Peer attached to context:[key:127.0.0.1-5056-4531, serverId:a0a4bb03-8b9f-4c8f-8830-5c3a6fdeda30]
2023-05-23 15:28:46,028 [15] INFO  Photon.LoadBalancing.MasterServer.GameServer.ReplicationAssistant - Replication started for context:[key:127.0.0.1-5056-4531, serverId:a0a4bb03-8b9f-4c8f-8830-5c3a6fdeda30]
2023-05-23 15:28:46,030 [15] DEBUG Photon.LoadBalancing.MasterServer.GameServer.GameServerContext - GameServer state changed for 127.0.0.1:4531: old=Offline, new=Normal 
2023-05-23 15:28:46,034 [15] DEBUG Photon.Common.LoadBalancer.LoadBalancer`1 - Adding server: server=[key:127.0.0.1-5056-4531, serverId:a0a4bb03-8b9f-4c8f-8830-5c3a6fdeda30] workload=Level3, priority=0
2023-05-23 15:28:46,044 [15] DEBUG Photon.Common.LoadBalancer.LoadBalancer`1 - new candidate for current priority is 0 with load=Level3 and load of the rest=Level3
2023-05-23 15:28:46,044 [15] DEBUG Photon.Common.LoadBalancer.LoadBalancer`1 - new candidate for current priority is equal to current
2023-05-23 15:28:46,045 [15] DEBUG Photon.Common.LoadBalancer.LoadBalancer`1 - Added server: server=[Server:[key:127.0.0.1-5056-4531, serverId:a0a4bb03-8b9f-4c8f-8830-5c3a6fdeda30], State:Normal, Load:Level3, Prio:0, Weight:13] workload=Level3
2023-05-23 15:28:46,045 [15] INFO  Photon.LoadBalancing.MasterServer.GameServer.GameServerContextManager - GS is added. key:'127.0.0.1-5056-4531', id:'a0a4bb03-8b9f-4c8f-8830-5c3a6fdeda30',p:GameServer(Id=a0a4bb03-8b9f-4c8f-8830-5c3a6fdeda30, ConnId=1) at 127.0.0.1:4531/127.0.0.1:5056
2023-05-23 15:28:46,046 [15] INFO  Photon.LoadBalancing.MasterServer.GameServer.GameServerContextManager - GameServers List:
host_localhost, state_Normal, load_Level3, lbPriority_0, serverId_a0a4bb03-8b9f-4c8f-8830-5c3a6fdeda30, key_127.0.0.1-5056-4531, p_has peer

2023-05-23 15:28:46,079 [23] DEBUG Photon.LoadBalancing.MasterServer.GameServer.ReplicationAssistantBase - Handling of ReplicationHelperEvent event. replicated count:0,expected count:0. context:[key:127.0.0.1-5056-4531, serverId:a0a4bb03-8b9f-4c8f-8830-5c3a6fdeda30]
2023-05-23 15:28:46,079 [23] DEBUG Photon.LoadBalancing.MasterServer.GameServer.ReplicationAssistant - OnReplicationFinsihed for server: [key:127.0.0.1-5056-4531, serverId:a0a4bb03-8b9f-4c8f-8830-5c3a6fdeda30]
2023-05-23 15:28:47,087 [15] DEBUG Photon.LoadBalancing.MasterServer.GameServer.GameServerContext - UpdateGameServer - from LoadLevel Level3 to Lowest, PeerCount 1
2023-05-23 15:28:47,088 [15] DEBUG Photon.Common.LoadBalancer.LoadBalancer`1 - Updating server: server=[Server:[key:127.0.0.1-5056-4531, serverId:a0a4bb03-8b9f-4c8f-8830-5c3a6fdeda30], State:Normal, Load:Level3, Prio:0, Weight:13], oldWorkload=Level3, newWorkload=Lowest
2023-05-23 15:28:47,089 [15] DEBUG Photon.Common.LoadBalancer.LoadBalancer`1 - new candidate for current priority is 0 with load=Lowest and load of the rest=Lowest
2023-05-23 15:28:47,089 [15] DEBUG Photon.Common.LoadBalancer.LoadBalancer`1 - new candidate for current priority is equal to current
2023-05-23 15:29:12,864 [13] DEBUG Photon.LoadBalancing.MasterServer.MasterApplication - Received init request from game client on leader node
2023-05-23 15:29:12,867 [13] DEBUG Photon.LoadBalancing.MasterServer.MasterClientPeer - Auth Timeout Checker scheduled. authTimeout:20000 p:T:MasterClientPeer,ConnId:1,ip:192.168.0.95:9031,Tcp,GpBinaryV18
2023-05-23 15:29:12,869 [13] INFO  Photon.SocketServer.Diagnostics.HttpQueuePerformanceCounters - Performance counters successfully initialized: instanceName=_Total
2023-05-23 15:29:12,981 [13] INFO  Photon.SocketServer.Diagnostics.HttpQueuePerformanceCounters - Performance counters successfully initialized: instanceName=LoadBalancing_rpc
2023-05-23 15:29:13,155 [15] DEBUG Photon.LoadBalancing.MasterServer.MasterClientPeer - Auth Timeout Checker stopped. authTimeout:20000 p:T:MasterClientPeer,ConnId:1,ip:192.168.0.95:9031,Tcp,GpBinaryV18
2023-05-23 15:29:13,155 [15] DEBUG Photon.LoadBalancing.MasterServer.MasterClientPeer - HandleAuthenticateRequest:appId=3d9a9d3c-f2f8-4398-baef-d9a54220bbf6;version=1_2.42;region=;type=0;userId=23b0a9a8-b81d-46d1-881d-5d85f38a36a4
2023-05-23 15:29:13,160 [15] DEBUG Photon.LoadBalancing.MasterServer.GameApplication - OnClientConnect: peerId=1, appId={Default}
2023-05-23 15:29:13,161 [25] DEBUG Photon.LoadBalancing.MasterServer.PlayerCache - Player state changed: pid=23b0a9a8-b81d-46d1-881d-5d85f38a36a4, master=True, gid=
2023-05-23 15:29:13,235 [10] DEBUG Photon.LoadBalancing.MasterServer.GameApplication - Created game: gameId=5fcb0281-62a1-4cf9-8699-01ebfcdf0f6c, appId={Default}
2023-05-23 15:29:13,328 [10] DEBUG Photon.LoadBalancing.MasterServer.Lobby.GameListBase - PlayerCount updated: in list=1, in game oldPlayerCount=0, playerCount=1, DebugData:CheckUserOnJoin:False, PeerCount:1, GameServerPlayerCount:0, YetExpectedCount:0, InactiveCount:0,JoiningCount:1,ActivePlayers:[],Inactive:[],Expected:[], Joining:[{"UtcCreated":"2023-05-23T07:29:13.2363466Z","UserId":"23b0a9a8-b81d-46d1-881d-5d85f38a36a4"}], lastUpdateEvent:''
2023-05-23 15:29:13,329 [10] DEBUG Photon.LoadBalancing.MasterServer.Lobby.GameState - Added peer: gameId=5fcb0281-62a1-4cf9-8699-01ebfcdf0f6c, userId=23b0a9a8-b81d-46d1-881d-5d85f38a36a4, joiningPeers=1
2023-05-23 15:29:13,331 [25] DEBUG Photon.LoadBalancing.MasterServer.PlayerCache - Player state changed: pid=23b0a9a8-b81d-46d1-881d-5d85f38a36a4, master=True, gid=5fcb0281-62a1-4cf9-8699-01ebfcdf0f6c
2023-05-23 15:29:13,332 [10] DEBUG Photon.LoadBalancing.MasterServer.MasterClientPeer - Token Validation: Creating token for GS:localhost and game:5fcb0281-62a1-4cf9-8699-01ebfcdf0f6c
2023-05-23 15:29:13,339 [20] DEBUG Photon.LoadBalancing.MasterServer.MasterClientPeer - Disconnect: peer=T:MasterClientPeer,ConnId:1,ip:192.168.0.95:9031,Tcp,GpBinaryV18, UserId:23b0a9a8-b81d-46d1-881d-5d85f38a36a4: reason=0, detail=
2023-05-23 15:29:13,340 [20] DEBUG Photon.LoadBalancing.MasterServer.GameApplication - OnClientDisconnect: peerId=1, appId={Default}
2023-05-23 15:29:13,341 [20] DEBUG Photon.LoadBalancing.MasterServer.MasterClientPeer - Auth Timeout Checker stopped. authTimeout:20000 p:T:MasterClientPeer,ConnId:1,ip:192.168.0.95:9031,Tcp,GpBinaryV18
2023-05-23 15:29:13,874 [25] DEBUG Photon.LoadBalancing.MasterServer.GameServer.IncomingGameServerPeer - HandleUpdateGameState
2023-05-23 15:29:13,876 [25] DEBUG Photon.LoadBalancing.MasterServer.GameServer.IncomingGameServerPeer - HandleUpdateGameState: 5fcb0281-62a1-4cf9-8699-01ebfcdf0f6c, reinitialize: True
2023-05-23 15:29:13,892 [25] DEBUG Photon.LoadBalancing.MasterServer.GameServer.ReplicationAssistantBase - Replication complete. Got event:{"ActorCount":1,"ApplicationId":null,"ApplicationVersion":null,"GameId":"5fcb0281-62a1-4cf9-8699-01ebfcdf0f6c","LobbyId":null,"LobbyType":0,"GameProperties":null,"NewUsers":["23b0a9a8-b81d-46d1-881d-5d85f38a36a4"],"RemovedUsers":null,"InactiveUsers":null,"ExcludedUsers":null,"ExpectedUsers":null,"FailedToAdd":null,"Reinitialize":true,"Replication":1,"MaxPlayers":4,"IsOpen":true,"IsVisible":true,"PropertyFilter":[],"InactiveCount":0,"IsPersistent":false,"CheckUserIdOnJoin":true,"IsReplicationEvent":false,"IsEmptyRoomReplication":false,"IsValid":true}
2023-05-23 15:29:13,892 [12] DEBUG Photon.LoadBalancing.MasterServer.Lobby.GameState - Game is reinitialized. game:5fcb0281-62a1-4cf9-8699-01ebfcdf0f6c
2023-05-23 15:29:13,893 [12] DEBUG Photon.LoadBalancing.MasterServer.Lobby.GameState - Got update game event.content={"ActorCount":1,"ApplicationId":null,"ApplicationVersion":null,"GameId":"5fcb0281-62a1-4cf9-8699-01ebfcdf0f6c","LobbyId":null,"LobbyType":0,"GameProperties":null,"NewUsers":["23b0a9a8-b81d-46d1-881d-5d85f38a36a4"],"RemovedUsers":null,"InactiveUsers":null,"ExcludedUsers":null,"ExpectedUsers":null,"FailedToAdd":null,"Reinitialize":true,"Replication":1,"MaxPlayers":4,"IsOpen":true,"IsVisible":true,"PropertyFilter":[],"InactiveCount":0,"IsPersistent":false,"CheckUserIdOnJoin":true,"IsReplicationEvent":false,"IsEmptyRoomReplication":false,"IsValid":true}
2023-05-23 15:29:13,893 [12] DEBUG Photon.LoadBalancing.MasterServer.Lobby.GameState - User joined on game server: gameId=5fcb0281-62a1-4cf9-8699-01ebfcdf0f6c, userId=23b0a9a8-b81d-46d1-881d-5d85f38a36a4
2023-05-23 15:29:13,894 [12] DEBUG Photon.LoadBalancing.MasterServer.Lobby.GameState - User removed from joining list.userId=23b0a9a8-b81d-46d1-881d-5d85f38a36a4
2023-05-23 15:29:13,894 [18] DEBUG Photon.LoadBalancing.MasterServer.PlayerCache - Player state changed: pid=23b0a9a8-b81d-46d1-881d-5d85f38a36a4, master=False, gid=5fcb0281-62a1-4cf9-8699-01ebfcdf0f6c
2023-05-23 15:29:13,894 [12] DEBUG Photon.LoadBalancing.MasterServer.Lobby.GameState - Game reinitialization done. game:5fcb0281-62a1-4cf9-8699-01ebfcdf0f6c
2023-05-23 15:29:13,896 [12] DEBUG Photon.LoadBalancing.MasterServer.Lobby.GameListBase - UpdateGameState: id=5fcb0281-62a1-4cf9-8699-01ebfcdf0f6c, peers=1, max=4, open=True, visible=True, peersJoining=0, inactive=0, ispersistent=False
2023-05-23 15:29:14,351 [21] DEBUG Photon.LoadBalancing.MasterServer.Lobby.AppLobby - Publishing game changes. AppLobby:, type:Default
2023-05-23 15:29:14,357 [21] DEBUG Photon.LoadBalancing.MasterServer.Lobby.GameListBase - Game changes published. Peers Count:0, GamesCount:1
2023-05-23 15:29:14,368 [11] DEBUG Photon.LoadBalancing.MasterServer.ApplicationStats - Updating game server stats. new values peerCount=1, gameCount=1
2023-05-23 15:29:18,342 [25] DEBUG Photon.LoadBalancing.MasterServer.ApplicationStats - Publishing application stats. MasterPeerCount=0, PlayerCount=1, GameCount=1
2023-05-23 15:29:20,844 [24] DEBUG Photon.LoadBalancing.MasterServer.Lobby.GameListBase - Checked join timeouts: before=0, after=0
2023-05-23 15:30:07,033 [19] DEBUG Photon.LoadBalancing.MasterServer.GameServer.IncomingGameServerPeer - HandleUpdateGameState
2023-05-23 15:30:07,033 [19] DEBUG Photon.LoadBalancing.MasterServer.GameServer.IncomingGameServerPeer - HandleUpdateGameState: 5fcb0281-62a1-4cf9-8699-01ebfcdf0f6c, reinitialize: False
2023-05-23 15:30:07,034 [19] DEBUG Photon.LoadBalancing.MasterServer.GameServer.ReplicationAssistantBase - Replication complete. Got event:{"ActorCount":0,"ApplicationId":null,"ApplicationVersion":null,"GameId":"5fcb0281-62a1-4cf9-8699-01ebfcdf0f6c","LobbyId":null,"LobbyType":0,"GameProperties":null,"NewUsers":null,"RemovedUsers":["23b0a9a8-b81d-46d1-881d-5d85f38a36a4"],"InactiveUsers":null,"ExcludedUsers":null,"ExpectedUsers":null,"FailedToAdd":null,"Reinitialize":false,"Replication":null,"MaxPlayers":null,"IsOpen":null,"IsVisible":null,"PropertyFilter":null,"InactiveCount":0,"IsPersistent":false,"CheckUserIdOnJoin":null,"IsReplicationEvent":false,"IsEmptyRoomReplication":false,"IsValid":true}
2023-05-23 15:30:07,034 [12] DEBUG Photon.LoadBalancing.MasterServer.Lobby.GameState - Got update game event.content={"ActorCount":0,"ApplicationId":null,"ApplicationVersion":null,"GameId":"5fcb0281-62a1-4cf9-8699-01ebfcdf0f6c","LobbyId":null,"LobbyType":0,"GameProperties":null,"NewUsers":null,"RemovedUsers":["23b0a9a8-b81d-46d1-881d-5d85f38a36a4"],"InactiveUsers":null,"ExcludedUsers":null,"ExpectedUsers":null,"FailedToAdd":null,"Reinitialize":false,"Replication":null,"MaxPlayers":null,"IsOpen":null,"IsVisible":null,"PropertyFilter":null,"InactiveCount":0,"IsPersistent":false,"CheckUserIdOnJoin":null,"IsReplicationEvent":false,"IsEmptyRoomReplication":false,"IsValid":true}
2023-05-23 15:30:07,035 [12] DEBUG Photon.LoadBalancing.MasterServer.Lobby.GameState - User left on game server: gameId=5fcb0281-62a1-4cf9-8699-01ebfcdf0f6c, userId=23b0a9a8-b81d-46d1-881d-5d85f38a36a4
2023-05-23 15:30:07,036 [12] DEBUG Photon.LoadBalancing.MasterServer.Lobby.GameListBase - PlayerCount updated: in list=0, in game oldPlayerCount=1, playerCount=0, DebugData:CheckUserOnJoin:True, PeerCount:0, GameServerPlayerCount:0, YetExpectedCount:0, InactiveCount:0,JoiningCount:0,ActivePlayers:[],Inactive:[],Expected:[], Joining:[], lastUpdateEvent:'{"ActorCount":0,"ApplicationId":null,"ApplicationVersion":null,"GameId":"5fcb0281-62a1-4cf9-8699-01ebfcdf0f6c","LobbyId":null,"LobbyType":0,"GameProperties":null,"NewUsers":null,"RemovedUsers":["23b0a9a8-b81d-46d1-881d-5d85f38a36a4"],"InactiveUsers":null,"ExcludedUsers":null,"ExpectedUsers":null,"FailedToAdd":null,"Reinitialize":false,"Replication":null,"MaxPlayers":null,"IsOpen":null,"IsVisible":null,"PropertyFilter":null,"InactiveCount":0,"IsPersistent":false,"CheckUserIdOnJoin":null,"IsReplicationEvent":false,"IsEmptyRoomReplication":false,"IsValid":true}'
2023-05-23 15:30:07,036 [12] DEBUG Photon.LoadBalancing.MasterServer.Lobby.GameListBase - UpdateGameState: id=5fcb0281-62a1-4cf9-8699-01ebfcdf0f6c, peers=0, max=4, open=True, visible=True, peersJoining=0, inactive=0, ispersistent=False
2023-05-23 15:30:07,036 [24] DEBUG Photon.LoadBalancing.MasterServer.PlayerCache - Player removed: pid=23b0a9a8-b81d-46d1-881d-5d85f38a36a4, master=False, gid=
2023-05-23 15:30:07,045 [14] DEBUG Photon.LoadBalancing.MasterServer.GameServer.IncomingGameServerPeer - HandleRemoveGameState: 5fcb0281-62a1-4cf9-8699-01ebfcdf0f6c
2023-05-23 15:30:07,046 [14] DEBUG Photon.LoadBalancing.MasterServer.Lobby.AppLobby - HandleRemoveGameState: gameId=5fcb0281-62a1-4cf9-8699-01ebfcdf0f6c, joiningPlayers=0
2023-05-23 15:30:07,047 [14] DEBUG Photon.LoadBalancing.MasterServer.GameApplication - Removed game: gameId=5fcb0281-62a1-4cf9-8699-01ebfcdf0f6c, appId={Default}
2023-05-23 15:30:07,047 [14] DEBUG Photon.LoadBalancing.MasterServer.Lobby.GameListBase - RemoveGameState:id=5fcb0281-62a1-4cf9-8699-01ebfcdf0f6c, peers=0, max=4, open=True, visible=True, peersJoining=0, inactive=0, ispersistent=False
2023-05-23 15:30:07,048 [14] DEBUG Photon.LoadBalancing.MasterServer.Lobby.GameState - Game removed on GS. GameId=5fcb0281-62a1-4cf9-8699-01ebfcdf0f6c, ServerId=[key:127.0.0.1-5056-4531, serverId:a0a4bb03-8b9f-4c8f-8830-5c3a6fdeda30]
2023-05-23 15:30:07,049 [14] DEBUG Photon.LoadBalancing.MasterServer.Lobby.GameListBase - PlayerCount changed after game remove. New Value=0
2023-05-23 15:30:08,031 [22] DEBUG Photon.LoadBalancing.MasterServer.ApplicationStats - Updating game server stats. new values peerCount=0, gameCount=0
2023-05-23 15:30:08,045 [15] DEBUG Photon.LoadBalancing.MasterServer.Lobby.AppLobby - Publishing game changes. AppLobby:, type:Default
2023-05-23 15:30:08,045 [15] DEBUG Photon.LoadBalancing.MasterServer.Lobby.GameListBase - Game changes published. Peers Count:0, GamesCount:1
2023-05-23 15:35:42,599 [11] DEBUG Photon.LoadBalancing.MasterServer.MasterApplication - Received init request from game client on leader node
2023-05-23 15:35:42,600 [11] DEBUG Photon.LoadBalancing.MasterServer.MasterClientPeer - Auth Timeout Checker scheduled. authTimeout:20000 p:T:MasterClientPeer,ConnId:2,ip:192.168.0.77:58027,Tcp,GpBinaryV18
2023-05-23 15:35:42,653 [18] DEBUG Photon.LoadBalancing.MasterServer.MasterClientPeer - Auth Timeout Checker stopped. authTimeout:20000 p:T:MasterClientPeer,ConnId:2,ip:192.168.0.77:58027,Tcp,GpBinaryV18
2023-05-23 15:35:42,653 [18] DEBUG Photon.LoadBalancing.MasterServer.MasterClientPeer - HandleAuthenticateRequest:appId=3d9a9d3c-f2f8-4398-baef-d9a54220bbf6;version=1_2.42;region=;type=0;userId=5dbdd82d-a46f-4df3-b57f-6b062e204248
2023-05-23 15:35:42,654 [18] DEBUG Photon.LoadBalancing.MasterServer.GameApplication - OnClientConnect: peerId=2, appId={Default}
2023-05-23 15:35:42,654 [13] DEBUG Photon.LoadBalancing.MasterServer.PlayerCache - Player state changed: pid=5dbdd82d-a46f-4df3-b57f-6b062e204248, master=True, gid=
2023-05-23 15:35:42,744 [22] DEBUG Photon.LoadBalancing.MasterServer.GameApplication - Created game: gameId=5cc4546d-398c-48a8-b84b-9334577343d5, appId={Default}
2023-05-23 15:35:42,744 [22] DEBUG Photon.LoadBalancing.MasterServer.Lobby.GameListBase - PlayerCount updated: in list=1, in game oldPlayerCount=0, playerCount=1, DebugData:CheckUserOnJoin:False, PeerCount:1, GameServerPlayerCount:0, YetExpectedCount:0, InactiveCount:0,JoiningCount:1,ActivePlayers:[],Inactive:[],Expected:[], Joining:[{"UtcCreated":"2023-05-23T07:35:42.7442633Z","UserId":"5dbdd82d-a46f-4df3-b57f-6b062e204248"}], lastUpdateEvent:''
2023-05-23 15:35:42,744 [22] DEBUG Photon.LoadBalancing.MasterServer.Lobby.GameState - Added peer: gameId=5cc4546d-398c-48a8-b84b-9334577343d5, userId=5dbdd82d-a46f-4df3-b57f-6b062e204248, joiningPeers=1
2023-05-23 15:35:42,745 [11] DEBUG Photon.LoadBalancing.MasterServer.PlayerCache - Player state changed: pid=5dbdd82d-a46f-4df3-b57f-6b062e204248, master=True, gid=5cc4546d-398c-48a8-b84b-9334577343d5
2023-05-23 15:35:42,745 [22] DEBUG Photon.LoadBalancing.MasterServer.MasterClientPeer - Token Validation: Creating token for GS:localhost and game:5cc4546d-398c-48a8-b84b-9334577343d5
2023-05-23 15:35:42,764 [15] DEBUG Photon.LoadBalancing.MasterServer.MasterClientPeer - Disconnect: peer=T:MasterClientPeer,ConnId:2,ip:192.168.0.77:58027,Tcp,GpBinaryV18, UserId:5dbdd82d-a46f-4df3-b57f-6b062e204248: reason=0, detail=
2023-05-23 15:35:42,764 [15] DEBUG Photon.LoadBalancing.MasterServer.GameApplication - OnClientDisconnect: peerId=2, appId={Default}
2023-05-23 15:35:42,765 [15] DEBUG Photon.LoadBalancing.MasterServer.MasterClientPeer - Auth Timeout Checker stopped. authTimeout:20000 p:T:MasterClientPeer,ConnId:2,ip:192.168.0.77:58027,Tcp,GpBinaryV18
2023-05-23 15:35:42,897 [23] DEBUG Photon.LoadBalancing.MasterServer.GameServer.IncomingGameServerPeer - HandleUpdateGameState
2023-05-23 15:35:42,898 [23] DEBUG Photon.LoadBalancing.MasterServer.GameServer.IncomingGameServerPeer - HandleUpdateGameState: 5cc4546d-398c-48a8-b84b-9334577343d5, reinitialize: True
2023-05-23 15:35:42,898 [23] DEBUG Photon.LoadBalancing.MasterServer.GameServer.ReplicationAssistantBase - Replication complete. Got event:{"ActorCount":1,"ApplicationId":null,"ApplicationVersion":null,"GameId":"5cc4546d-398c-48a8-b84b-9334577343d5","LobbyId":null,"LobbyType":0,"GameProperties":null,"NewUsers":["5dbdd82d-a46f-4df3-b57f-6b062e204248"],"RemovedUsers":null,"InactiveUsers":null,"ExcludedUsers":null,"ExpectedUsers":null,"FailedToAdd":null,"Reinitialize":true,"Replication":1,"MaxPlayers":4,"IsOpen":true,"IsVisible":true,"PropertyFilter":[],"InactiveCount":0,"IsPersistent":false,"CheckUserIdOnJoin":true,"IsReplicationEvent":false,"IsEmptyRoomReplication":false,"IsValid":true}
2023-05-23 15:35:42,898 [15] DEBUG Photon.LoadBalancing.MasterServer.Lobby.GameState - Game is reinitialized. game:5cc4546d-398c-48a8-b84b-9334577343d5
2023-05-23 15:35:42,899 [15] DEBUG Photon.LoadBalancing.MasterServer.Lobby.GameState - Got update game event.content={"ActorCount":1,"ApplicationId":null,"ApplicationVersion":null,"GameId":"5cc4546d-398c-48a8-b84b-9334577343d5","LobbyId":null,"LobbyType":0,"GameProperties":null,"NewUsers":["5dbdd82d-a46f-4df3-b57f-6b062e204248"],"RemovedUsers":null,"InactiveUsers":null,"ExcludedUsers":null,"ExpectedUsers":null,"FailedToAdd":null,"Reinitialize":true,"Replication":1,"MaxPlayers":4,"IsOpen":true,"IsVisible":true,"PropertyFilter":[],"InactiveCount":0,"IsPersistent":false,"CheckUserIdOnJoin":true,"IsReplicationEvent":false,"IsEmptyRoomReplication":false,"IsValid":true}
2023-05-23 15:35:42,899 [15] DEBUG Photon.LoadBalancing.MasterServer.Lobby.GameState - User joined on game server: gameId=5cc4546d-398c-48a8-b84b-9334577343d5, userId=5dbdd82d-a46f-4df3-b57f-6b062e204248
2023-05-23 15:35:42,899 [15] DEBUG Photon.LoadBalancing.MasterServer.Lobby.GameState - User removed from joining list.userId=5dbdd82d-a46f-4df3-b57f-6b062e204248
2023-05-23 15:35:42,899 [15] DEBUG Photon.LoadBalancing.MasterServer.Lobby.GameState - Game reinitialization done. game:5cc4546d-398c-48a8-b84b-9334577343d5
2023-05-23 15:35:42,900 [15] DEBUG Photon.LoadBalancing.MasterServer.Lobby.GameListBase - UpdateGameState: id=5cc4546d-398c-48a8-b84b-9334577343d5, peers=1, max=4, open=True, visible=True, peersJoining=0, inactive=0, ispersistent=False
2023-05-23 15:35:42,899 [18] DEBUG Photon.LoadBalancing.MasterServer.PlayerCache - Player state changed: pid=5dbdd82d-a46f-4df3-b57f-6b062e204248, master=False, gid=5cc4546d-398c-48a8-b84b-9334577343d5
2023-05-23 15:35:43,751 [11] DEBUG Photon.LoadBalancing.MasterServer.Lobby.AppLobby - Publishing game changes. AppLobby:, type:Default
2023-05-23 15:35:43,751 [11] DEBUG Photon.LoadBalancing.MasterServer.Lobby.GameListBase - Game changes published. Peers Count:0, GamesCount:1
2023-05-23 15:35:43,782 [14] DEBUG Photon.LoadBalancing.MasterServer.ApplicationStats - Updating game server stats. new values peerCount=1, gameCount=1
2023-05-23 15:35:47,778 [15] DEBUG Photon.LoadBalancing.MasterServer.ApplicationStats - Publishing application stats. MasterPeerCount=0, PlayerCount=1, GameCount=1
2023-05-23 15:35:50,248 [25] DEBUG Photon.LoadBalancing.MasterServer.Lobby.GameListBase - Checked join timeouts: before=0, after=0
2023-05-23 15:36:18,563 [23] DEBUG Photon.LoadBalancing.MasterServer.MasterApplication - Received init request from game client on leader node
2023-05-23 15:36:18,564 [23] DEBUG Photon.LoadBalancing.MasterServer.MasterClientPeer - Auth Timeout Checker scheduled. authTimeout:20000 p:T:MasterClientPeer,ConnId:3,ip:192.168.0.95:9740,Tcp,GpBinaryV18
2023-05-23 15:36:18,636 [10] DEBUG Photon.LoadBalancing.MasterServer.MasterClientPeer - Auth Timeout Checker stopped. authTimeout:20000 p:T:MasterClientPeer,ConnId:3,ip:192.168.0.95:9740,Tcp,GpBinaryV18
2023-05-23 15:36:18,636 [10] DEBUG Photon.LoadBalancing.MasterServer.MasterClientPeer - HandleAuthenticateRequest:appId=3d9a9d3c-f2f8-4398-baef-d9a54220bbf6;version=1_2.42;region=;type=0;userId=f02d103e-00db-4185-8d4c-af38ed00f228
2023-05-23 15:36:18,637 [10] DEBUG Photon.LoadBalancing.MasterServer.GameApplication - OnClientConnect: peerId=3, appId={Default}
2023-05-23 15:36:18,637 [16] DEBUG Photon.LoadBalancing.MasterServer.PlayerCache - Player state changed: pid=f02d103e-00db-4185-8d4c-af38ed00f228, master=True, gid=
2023-05-23 15:36:18,671 [23] DEBUG Photon.LoadBalancing.MasterServer.Lobby.GameList - Found match. Next start node gameid=5cc4546d-398c-48a8-b84b-9334577343d5
2023-05-23 15:36:18,671 [23] DEBUG Photon.LoadBalancing.MasterServer.Lobby.GameListBase - PlayerCount updated: in list=2, in game oldPlayerCount=1, playerCount=2, DebugData:CheckUserOnJoin:True, PeerCount:2, GameServerPlayerCount:1, YetExpectedCount:0, InactiveCount:0,JoiningCount:1,ActivePlayers:["5dbdd82d-a46f-4df3-b57f-6b062e204248"],Inactive:[],Expected:[], Joining:[{"UtcCreated":"2023-05-23T07:36:18.6716734Z","UserId":"f02d103e-00db-4185-8d4c-af38ed00f228"}], lastUpdateEvent:'{"ActorCount":1,"ApplicationId":null,"ApplicationVersion":null,"GameId":"5cc4546d-398c-48a8-b84b-9334577343d5","LobbyId":null,"LobbyType":0,"GameProperties":null,"NewUsers":["5dbdd82d-a46f-4df3-b57f-6b062e204248"],"RemovedUsers":null,"InactiveUsers":null,"ExcludedUsers":null,"ExpectedUsers":null,"FailedToAdd":null,"Reinitialize":true,"Replication":1,"MaxPlayers":4,"IsOpen":true,"IsVisible":true,"PropertyFilter":[],"InactiveCount":0,"IsPersistent":false,"CheckUserIdOnJoin":true,"IsReplicationEvent":false,"IsEmptyRoomReplication":false,"IsValid":true}'
2023-05-23 15:36:18,672 [23] DEBUG Photon.LoadBalancing.MasterServer.Lobby.GameState - Added peer: gameId=5cc4546d-398c-48a8-b84b-9334577343d5, userId=f02d103e-00db-4185-8d4c-af38ed00f228, joiningPeers=1
2023-05-23 15:36:18,672 [23] DEBUG Photon.LoadBalancing.MasterServer.Lobby.AppLobby - Found match: connectionId=3, userId=f02d103e-00db-4185-8d4c-af38ed00f228, gameId=5cc4546d-398c-48a8-b84b-9334577343d5
2023-05-23 15:36:18,673 [23] DEBUG Photon.LoadBalancing.MasterServer.MasterClientPeer - Token Validation: Creating token for GS:localhost and game:5cc4546d-398c-48a8-b84b-9334577343d5
2023-05-23 15:36:18,672 [25] DEBUG Photon.LoadBalancing.MasterServer.PlayerCache - Player state changed: pid=f02d103e-00db-4185-8d4c-af38ed00f228, master=True, gid=5cc4546d-398c-48a8-b84b-9334577343d5
2023-05-23 15:36:18,686 [18] DEBUG Photon.LoadBalancing.MasterServer.MasterClientPeer - Disconnect: peer=T:MasterClientPeer,ConnId:3,ip:192.168.0.95:9740,Tcp,GpBinaryV18, UserId:f02d103e-00db-4185-8d4c-af38ed00f228: reason=0, detail=
2023-05-23 15:36:18,687 [18] DEBUG Photon.LoadBalancing.MasterServer.GameApplication - OnClientDisconnect: peerId=3, appId={Default}
2023-05-23 15:36:18,687 [18] DEBUG Photon.LoadBalancing.MasterServer.MasterClientPeer - Auth Timeout Checker stopped. authTimeout:20000 p:T:MasterClientPeer,ConnId:3,ip:192.168.0.95:9740,Tcp,GpBinaryV18
2023-05-23 15:36:18,797 [25] DEBUG Photon.LoadBalancing.MasterServer.GameServer.IncomingGameServerPeer - HandleUpdateGameState
2023-05-23 15:36:18,797 [25] DEBUG Photon.LoadBalancing.MasterServer.GameServer.IncomingGameServerPeer - HandleUpdateGameState: 5cc4546d-398c-48a8-b84b-9334577343d5, reinitialize: False
2023-05-23 15:36:18,798 [25] DEBUG Photon.LoadBalancing.MasterServer.GameServer.ReplicationAssistantBase - Replication complete. Got event:{"ActorCount":2,"ApplicationId":null,"ApplicationVersion":null,"GameId":"5cc4546d-398c-48a8-b84b-9334577343d5","LobbyId":null,"LobbyType":0,"GameProperties":null,"NewUsers":["f02d103e-00db-4185-8d4c-af38ed00f228"],"RemovedUsers":null,"InactiveUsers":null,"ExcludedUsers":null,"ExpectedUsers":null,"FailedToAdd":null,"Reinitialize":false,"Replication":null,"MaxPlayers":null,"IsOpen":null,"IsVisible":null,"PropertyFilter":null,"InactiveCount":0,"IsPersistent":false,"CheckUserIdOnJoin":null,"IsReplicationEvent":false,"IsEmptyRoomReplication":false,"IsValid":true}
2023-05-23 15:36:18,798 [12] DEBUG Photon.LoadBalancing.MasterServer.Lobby.GameState - Got update game event.content={"ActorCount":2,"ApplicationId":null,"ApplicationVersion":null,"GameId":"5cc4546d-398c-48a8-b84b-9334577343d5","LobbyId":null,"LobbyType":0,"GameProperties":null,"NewUsers":["f02d103e-00db-4185-8d4c-af38ed00f228"],"RemovedUsers":null,"InactiveUsers":null,"ExcludedUsers":null,"ExpectedUsers":null,"FailedToAdd":null,"Reinitialize":false,"Replication":null,"MaxPlayers":null,"IsOpen":null,"IsVisible":null,"PropertyFilter":null,"InactiveCount":0,"IsPersistent":false,"CheckUserIdOnJoin":null,"IsReplicationEvent":false,"IsEmptyRoomReplication":false,"IsValid":true}
2023-05-23 15:36:18,798 [12] DEBUG Photon.LoadBalancing.MasterServer.Lobby.GameState - User joined on game server: gameId=5cc4546d-398c-48a8-b84b-9334577343d5, userId=f02d103e-00db-4185-8d4c-af38ed00f228
2023-05-23 15:36:18,799 [12] DEBUG Photon.LoadBalancing.MasterServer.Lobby.GameState - User removed from joining list.userId=f02d103e-00db-4185-8d4c-af38ed00f228
2023-05-23 15:36:18,799 [12] DEBUG Photon.LoadBalancing.MasterServer.Lobby.GameListBase - UpdateGameState: id=5cc4546d-398c-48a8-b84b-9334577343d5, peers=2, max=4, open=True, visible=True, peersJoining=0, inactive=0, ispersistent=False
2023-05-23 15:36:18,799 [21] DEBUG Photon.LoadBalancing.MasterServer.PlayerCache - Player state changed: pid=f02d103e-00db-4185-8d4c-af38ed00f228, master=False, gid=5cc4546d-398c-48a8-b84b-9334577343d5
2023-05-23 15:36:19,705 [24] DEBUG Photon.LoadBalancing.MasterServer.ApplicationStats - Updating game server stats. new values peerCount=2, gameCount=1
2023-05-23 15:36:19,809 [16] DEBUG Photon.LoadBalancing.MasterServer.Lobby.AppLobby - Publishing game changes. AppLobby:, type:Default
2023-05-23 15:36:19,809 [16] DEBUG Photon.LoadBalancing.MasterServer.Lobby.GameListBase - Game changes published. Peers Count:0, GamesCount:1
2023-05-23 15:36:23,696 [11] DEBUG Photon.LoadBalancing.MasterServer.ApplicationStats - Publishing application stats. MasterPeerCount=0, PlayerCount=2, GameCount=1
2023-05-23 15:36:26,184 [20] DEBUG Photon.LoadBalancing.MasterServer.Lobby.GameListBase - Checked join timeouts: before=0, after=0
2023-05-23 15:36:39,222 [15] DEBUG Photon.LoadBalancing.MasterServer.GameServer.IncomingGameServerPeer - HandleUpdateGameState
2023-05-23 15:36:39,222 [15] DEBUG Photon.LoadBalancing.MasterServer.GameServer.IncomingGameServerPeer - HandleUpdateGameState: 5cc4546d-398c-48a8-b84b-9334577343d5, reinitialize: False
2023-05-23 15:36:39,223 [15] DEBUG Photon.LoadBalancing.MasterServer.GameServer.ReplicationAssistantBase - Replication complete. Got event:{"ActorCount":1,"ApplicationId":null,"ApplicationVersion":null,"GameId":"5cc4546d-398c-48a8-b84b-9334577343d5","LobbyId":null,"LobbyType":0,"GameProperties":null,"NewUsers":null,"RemovedUsers":["f02d103e-00db-4185-8d4c-af38ed00f228"],"InactiveUsers":null,"ExcludedUsers":null,"ExpectedUsers":null,"FailedToAdd":null,"Reinitialize":false,"Replication":null,"MaxPlayers":null,"IsOpen":null,"IsVisible":null,"PropertyFilter":null,"InactiveCount":0,"IsPersistent":false,"CheckUserIdOnJoin":null,"IsReplicationEvent":false,"IsEmptyRoomReplication":false,"IsValid":true}
2023-05-23 15:36:39,223 [10] DEBUG Photon.LoadBalancing.MasterServer.Lobby.GameState - Got update game event.content={"ActorCount":1,"ApplicationId":null,"ApplicationVersion":null,"GameId":"5cc4546d-398c-48a8-b84b-9334577343d5","LobbyId":null,"LobbyType":0,"GameProperties":null,"NewUsers":null,"RemovedUsers":["f02d103e-00db-4185-8d4c-af38ed00f228"],"InactiveUsers":null,"ExcludedUsers":null,"ExpectedUsers":null,"FailedToAdd":null,"Reinitialize":false,"Replication":null,"MaxPlayers":null,"IsOpen":null,"IsVisible":null,"PropertyFilter":null,"InactiveCount":0,"IsPersistent":false,"CheckUserIdOnJoin":null,"IsReplicationEvent":false,"IsEmptyRoomReplication":false,"IsValid":true}
2023-05-23 15:36:39,223 [10] DEBUG Photon.LoadBalancing.MasterServer.Lobby.GameState - User left on game server: gameId=5cc4546d-398c-48a8-b84b-9334577343d5, userId=f02d103e-00db-4185-8d4c-af38ed00f228
2023-05-23 15:36:39,224 [10] DEBUG Photon.LoadBalancing.MasterServer.Lobby.GameListBase - PlayerCount updated: in list=1, in game oldPlayerCount=2, playerCount=1, DebugData:CheckUserOnJoin:True, PeerCount:1, GameServerPlayerCount:1, YetExpectedCount:0, InactiveCount:0,JoiningCount:0,ActivePlayers:["5dbdd82d-a46f-4df3-b57f-6b062e204248"],Inactive:[],Expected:[], Joining:[], lastUpdateEvent:'{"ActorCount":1,"ApplicationId":null,"ApplicationVersion":null,"GameId":"5cc4546d-398c-48a8-b84b-9334577343d5","LobbyId":null,"LobbyType":0,"GameProperties":null,"NewUsers":null,"RemovedUsers":["f02d103e-00db-4185-8d4c-af38ed00f228"],"InactiveUsers":null,"ExcludedUsers":null,"ExpectedUsers":null,"FailedToAdd":null,"Reinitialize":false,"Replication":null,"MaxPlayers":null,"IsOpen":null,"IsVisible":null,"PropertyFilter":null,"InactiveCount":0,"IsPersistent":false,"CheckUserIdOnJoin":null,"IsReplicationEvent":false,"IsEmptyRoomReplication":false,"IsValid":true}'
2023-05-23 15:36:39,224 [10] DEBUG Photon.LoadBalancing.MasterServer.Lobby.GameListBase - UpdateGameState: id=5cc4546d-398c-48a8-b84b-9334577343d5, peers=1, max=4, open=True, visible=True, peersJoining=0, inactive=0, ispersistent=False
2023-05-23 15:36:39,224 [12] DEBUG Photon.LoadBalancing.MasterServer.PlayerCache - Player removed: pid=f02d103e-00db-4185-8d4c-af38ed00f228, master=False, gid=
2023-05-23 15:36:40,232 [10] DEBUG Photon.LoadBalancing.MasterServer.Lobby.AppLobby - Publishing game changes. AppLobby:, type:Default
2023-05-23 15:36:40,232 [10] DEBUG Photon.LoadBalancing.MasterServer.Lobby.GameListBase - Game changes published. Peers Count:0, GamesCount:1
2023-05-23 15:36:40,233 [25] DEBUG Photon.LoadBalancing.MasterServer.ApplicationStats - Updating game server stats. new values peerCount=1, gameCount=1
2023-05-23 15:39:01,956 [20] DEBUG Photon.LoadBalancing.MasterServer.GameServer.IncomingGameServerPeer - HandleUpdateGameState
2023-05-23 15:39:01,957 [20] DEBUG Photon.LoadBalancing.MasterServer.GameServer.IncomingGameServerPeer - HandleUpdateGameState: 5cc4546d-398c-48a8-b84b-9334577343d5, reinitialize: False
2023-05-23 15:39:01,958 [20] DEBUG Photon.LoadBalancing.MasterServer.GameServer.ReplicationAssistantBase - Replication complete. Got event:{"ActorCount":0,"ApplicationId":null,"ApplicationVersion":null,"GameId":"5cc4546d-398c-48a8-b84b-9334577343d5","LobbyId":null,"LobbyType":0,"GameProperties":null,"NewUsers":null,"RemovedUsers":["5dbdd82d-a46f-4df3-b57f-6b062e204248"],"InactiveUsers":null,"ExcludedUsers":null,"ExpectedUsers":null,"FailedToAdd":null,"Reinitialize":false,"Replication":null,"MaxPlayers":null,"IsOpen":null,"IsVisible":null,"PropertyFilter":null,"InactiveCount":0,"IsPersistent":false,"CheckUserIdOnJoin":null,"IsReplicationEvent":false,"IsEmptyRoomReplication":false,"IsValid":true}
2023-05-23 15:39:01,958 [10] DEBUG Photon.LoadBalancing.MasterServer.Lobby.GameState - Got update game event.content={"ActorCount":0,"ApplicationId":null,"ApplicationVersion":null,"GameId":"5cc4546d-398c-48a8-b84b-9334577343d5","LobbyId":null,"LobbyType":0,"GameProperties":null,"NewUsers":null,"RemovedUsers":["5dbdd82d-a46f-4df3-b57f-6b062e204248"],"InactiveUsers":null,"ExcludedUsers":null,"ExpectedUsers":null,"FailedToAdd":null,"Reinitialize":false,"Replication":null,"MaxPlayers":null,"IsOpen":null,"IsVisible":null,"PropertyFilter":null,"InactiveCount":0,"IsPersistent":false,"CheckUserIdOnJoin":null,"IsReplicationEvent":false,"IsEmptyRoomReplication":false,"IsValid":true}
2023-05-23 15:39:01,960 [10] DEBUG Photon.LoadBalancing.MasterServer.Lobby.GameState - User left on game server: gameId=5cc4546d-398c-48a8-b84b-9334577343d5, userId=5dbdd82d-a46f-4df3-b57f-6b062e204248
2023-05-23 15:39:01,961 [11] DEBUG Photon.LoadBalancing.MasterServer.PlayerCache - Player removed: pid=5dbdd82d-a46f-4df3-b57f-6b062e204248, master=False, gid=
2023-05-23 15:39:01,961 [10] DEBUG Photon.LoadBalancing.MasterServer.Lobby.GameListBase - PlayerCount updated: in list=0, in game oldPlayerCount=1, playerCount=0, DebugData:CheckUserOnJoin:True, PeerCount:0, GameServerPlayerCount:0, YetExpectedCount:0, InactiveCount:0,JoiningCount:0,ActivePlayers:[],Inactive:[],Expected:[], Joining:[], lastUpdateEvent:'{"ActorCount":0,"ApplicationId":null,"ApplicationVersion":null,"GameId":"5cc4546d-398c-48a8-b84b-9334577343d5","LobbyId":null,"LobbyType":0,"GameProperties":null,"NewUsers":null,"RemovedUsers":["5dbdd82d-a46f-4df3-b57f-6b062e204248"],"InactiveUsers":null,"ExcludedUsers":null,"ExpectedUsers":null,"FailedToAdd":null,"Reinitialize":false,"Replication":null,"MaxPlayers":null,"IsOpen":null,"IsVisible":null,"PropertyFilter":null,"InactiveCount":0,"IsPersistent":false,"CheckUserIdOnJoin":null,"IsReplicationEvent":false,"IsEmptyRoomReplication":false,"IsValid":true}'
2023-05-23 15:39:01,962 [10] DEBUG Photon.LoadBalancing.MasterServer.Lobby.GameListBase - UpdateGameState: id=5cc4546d-398c-48a8-b84b-9334577343d5, peers=0, max=4, open=True, visible=True, peersJoining=0, inactive=0, ispersistent=False
2023-05-23 15:39:01,963 [10] DEBUG Photon.LoadBalancing.MasterServer.GameServer.IncomingGameServerPeer - HandleRemoveGameState: 5cc4546d-398c-48a8-b84b-9334577343d5
2023-05-23 15:39:01,965 [10] DEBUG Photon.LoadBalancing.MasterServer.Lobby.AppLobby - HandleRemoveGameState: gameId=5cc4546d-398c-48a8-b84b-9334577343d5, joiningPlayers=0
2023-05-23 15:39:01,965 [10] DEBUG Photon.LoadBalancing.MasterServer.GameApplication - Removed game: gameId=5cc4546d-398c-48a8-b84b-9334577343d5, appId={Default}
2023-05-23 15:39:01,966 [10] DEBUG Photon.LoadBalancing.MasterServer.Lobby.GameListBase - RemoveGameState:id=5cc4546d-398c-48a8-b84b-9334577343d5, peers=0, max=4, open=True, visible=True, peersJoining=0, inactive=0, ispersistent=False
2023-05-23 15:39:01,968 [10] DEBUG Photon.LoadBalancing.MasterServer.Lobby.GameListBase - Changed last join random match: oldGameId=5cc4546d-398c-48a8-b84b-9334577343d5, newGameId={null}
2023-05-23 15:39:01,968 [10] DEBUG Photon.LoadBalancing.MasterServer.Lobby.GameState - Game removed on GS. GameId=5cc4546d-398c-48a8-b84b-9334577343d5, ServerId=[key:127.0.0.1-5056-4531, serverId:a0a4bb03-8b9f-4c8f-8830-5c3a6fdeda30]
2023-05-23 15:39:01,969 [10] DEBUG Photon.LoadBalancing.MasterServer.Lobby.GameListBase - PlayerCount changed after game remove. New Value=0
2023-05-23 15:39:02,378 [17] INFO  Photon.LoadBalancing.MasterServer.GameServer.IncomingGameServerPeer - Got leave message from server. context=[key:127.0.0.1-5056-4531, serverId:a0a4bb03-8b9f-4c8f-8830-5c3a6fdeda30], p:GameServer(Id=a0a4bb03-8b9f-4c8f-8830-5c3a6fdeda30, ConnId=1) at 127.0.0.1:4531/127.0.0.1:5056
2023-05-23 15:39:02,378 [17] DEBUG Photon.LoadBalancing.MasterServer.GameServer.GameServerContext - Got GameServerLeave event: [key:127.0.0.1-5056-4531, serverId:a0a4bb03-8b9f-4c8f-8830-5c3a6fdeda30]
2023-05-23 15:39:02,378 [17] DEBUG Photon.LoadBalancing.MasterServer.GameServer.IncomingGameServerPeer - Context dettached from peer. p:T:IncomingGameServerPeer,ConnId:1,ip:127.0.0.1:8927,Tcp,GpBinaryV18
2023-05-23 15:39:02,378 [17] DEBUG Photon.LoadBalancing.MasterServer.GameServer.GameServerContext - Peer detached from context:[key:127.0.0.1-5056-4531, serverId:a0a4bb03-8b9f-4c8f-8830-5c3a6fdeda30]
2023-05-23 15:39:02,378 [17] DEBUG Photon.LoadBalancing.MasterServer.GameServer.ReplicationAssistantBase - Stopping game replication from server [key:127.0.0.1-5056-4531, serverId:a0a4bb03-8b9f-4c8f-8830-5c3a6fdeda30]
2023-05-23 15:39:02,378 [17] DEBUG Photon.LoadBalancing.MasterServer.GameServer.ReplicationAssistantBase - Stopping skipped. No replication in progress for server [key:127.0.0.1-5056-4531, serverId:a0a4bb03-8b9f-4c8f-8830-5c3a6fdeda30]
2023-05-23 15:39:02,378 [17] DEBUG Photon.Common.LoadBalancer.Priorities.ServerBunch`1 - Removing server. Server=[Server:[key:127.0.0.1-5056-4531, serverId:a0a4bb03-8b9f-4c8f-8830-5c3a6fdeda30], State:Normal, Load:Lowest, Prio:0, Weight:20]
2023-05-23 15:39:02,378 [17] DEBUG Photon.Common.LoadBalancer.LoadBalancer`1 - new candidate for current priority is equal to current
2023-05-23 15:39:02,378 [17] DEBUG Photon.Common.LoadBalancer.LoadBalancer`1 - Removed server: workload=Lowest
2023-05-23 15:39:02,378 [17] DEBUG Photon.LoadBalancing.MasterServer.GameServer.GameServerContextManager - Removing context. context=[key:127.0.0.1-5056-4531, serverId:a0a4bb03-8b9f-4c8f-8830-5c3a6fdeda30],p:T:IncomingGameServerPeer,ConnId:1,ip:127.0.0.1:8927,Tcp,GpBinaryV18
2023-05-23 15:39:02,378 [17] INFO  Photon.LoadBalancing.MasterServer.GameServer.GameServerContextManager - Context was removed. context=[key:127.0.0.1-5056-4531, serverId:a0a4bb03-8b9f-4c8f-8830-5c3a6fdeda30], p:T:IncomingGameServerPeer,ConnId:1,ip:127.0.0.1:8927,Tcp,GpBinaryV18
2023-05-23 15:39:02,393 [12] WARN  Photon.LoadBalancing.MasterServer.GameServer.IncomingGameServerPeer - s2s GS connection: OnDisconnect - game server connection closed (connectionId=1, addr:{null}, serverId=a0a4bb03-8b9f-4c8f-8830-5c3a6fdeda30, reason=2)
2023-05-23 15:39:02,973 [21] DEBUG Photon.LoadBalancing.MasterServer.Lobby.AppLobby - Publishing game changes. AppLobby:, type:Default
2023-05-23 15:39:02,973 [21] DEBUG Photon.LoadBalancing.MasterServer.Lobby.GameListBase - Game changes published. Peers Count:0, GamesCount:1
2023-05-23 15:39:03,393 [1] INFO  Photon.LoadBalancing.MasterServer.MasterApplication - OnStopRequested... going to disconnect 0 GS peers
2023-05-23 15:39:03,393 [1] INFO  Photon.SocketServer.ApplicationBase - Application is stopping: AppId=Master
2023-05-23 15:39:03,393 [1] INFO  Photon.LoadBalancing.MasterServer.MasterApplication - Master server TearDown is called. Master server stopped
2023-05-23 15:39:03,393 [1] INFO  Photon.SocketServer.ApplicationBase - Application stop: AppId=Master
